[23-Oct-2024 12:05:55 UTC] PHP Deprecated:  Creation of dynamic property rcmail::$imap is deprecated in /data/www/roundcubemail/program/lib/Roundcube/rcube.php on line 329
[23-Oct-2024 12:05:56 UTC] PHP Deprecated:  Creation of dynamic property rcmail::$imap is deprecated in /data/www/roundcubemail/program/lib/Roundcube/rcube.php on line 329
[23-Oct-2024 12:05:57 +0000]: <269ld509> IMAP Error: Login failed for user1@example.net against localhost from 127.0.0.1. AUTHENTICATE PLAIN: Authentication failed. in /data/www/roundcubemail/program/lib/Roundcube/rcube_imap.php on line 211 (POST /webmail/?_task=login&_action=login)
[23-Oct-2024 12:06:02 +0000]: <6d98q2f5> IMAP Error: Login failed for user1@example.com against localhost from 127.0.0.1. AUTHENTICATE PLAIN: Authentication failed. in /data/www/roundcubemail/program/lib/Roundcube/rcube_imap.php on line 211 (POST /webmail/?_task=login&_action=login)
[23-Oct-2024 12:08:29 UTC] PHP Deprecated:  Creation of dynamic property rcmail::$imap is deprecated in /data/www/roundcubemail/program/lib/Roundcube/rcube.php on line 329
[23-Oct-2024 12:08:30 UTC] PHP Deprecated:  Creation of dynamic property rcmail::$user_email is deprecated in /data/www/roundcubemail/program/include/rcmail.php on line 792
[23-Oct-2024 12:08:30 UTC] PHP Deprecated:  Creation of dynamic property rcmail::$password is deprecated in /data/www/roundcubemail/program/include/rcmail.php on line 793
[23-Oct-2024 12:08:30 UTC] PHP Deprecated:  Creation of dynamic property rcmail::$imap is deprecated in /data/www/roundcubemail/program/lib/Roundcube/rcube.php on line 329
[23-Oct-2024 12:08:31 UTC] PHP Deprecated:  Creation of dynamic property rcmail::$imap is deprecated in /data/www/roundcubemail/program/lib/Roundcube/rcube.php on line 329
[23-Oct-2024 12:08:31 UTC] PHP Deprecated:  Creation of dynamic property rcmail::$imap is deprecated in /data/www/roundcubemail/program/lib/Roundcube/rcube.php on line 329
[23-Oct-2024 12:08:38 UTC] PHP Deprecated:  Creation of dynamic property rcmail::$imap is deprecated in /data/www/roundcubemail/program/lib/Roundcube/rcube.php on line 329
[23-Oct-2024 12:08:39 UTC] PHP Deprecated:  Creation of dynamic property rcmail::$imap is deprecated in /data/www/roundcubemail/program/lib/Roundcube/rcube.php on line 329
[23-Oct-2024 12:08:43 UTC] PHP Deprecated:  Creation of dynamic property rcmail::$imap is deprecated in /data/www/roundcubemail/program/lib/Roundcube/rcube.php on line 329
[23-Oct-2024 12:09:00 UTC] PHP Deprecated:  Creation of dynamic property rcmail::$imap is deprecated in /data/www/roundcubemail/program/lib/Roundcube/rcube.php on line 329
[23-Oct-2024 12:09:02 UTC] PHP Deprecated:  Creation of dynamic property rcmail::$imap is deprecated in /data/www/roundcubemail/program/lib/Roundcube/rcube.php on line 329
[23-Oct-2024 12:09:11 UTC] PHP Deprecated:  Creation of dynamic property rcmail::$imap is deprecated in /data/www/roundcubemail/program/lib/Roundcube/rcube.php on line 329
[23-Oct-2024 12:09:11 UTC] PHP Deprecated:  Creation of dynamic property Net_SMTP::$gssapi_principal is deprecated in /data/www/roundcubemail/vendor/pear/net_smtp/Net/SMTP.php on line 193
[23-Oct-2024 12:09:11 UTC] PHP Deprecated:  Creation of dynamic property Net_SMTP::$gssapi_cname is deprecated in /data/www/roundcubemail/vendor/pear/net_smtp/Net/SMTP.php on line 194
[23-Oct-2024 12:09:12 UTC] PHP Deprecated:  Creation of dynamic property Mail_mime::$mailbody_file is deprecated in /data/www/roundcubemail/program/include/rcmail_sendmail.php on line 451
[23-Oct-2024 12:09:13 UTC] PHP Deprecated:  Creation of dynamic property rcmail::$imap is deprecated in /data/www/roundcubemail/program/lib/Roundcube/rcube.php on line 329
[23-Oct-2024 12:09:14 UTC] PHP Deprecated:  Creation of dynamic property rcmail::$imap is deprecated in /data/www/roundcubemail/program/lib/Roundcube/rcube.php on line 329
[23-Oct-2024 12:09:14 UTC] PHP Deprecated:  Creation of dynamic property rcmail::$imap is deprecated in /data/www/roundcubemail/program/lib/Roundcube/rcube.php on line 329
[23-Oct-2024 12:09:18 UTC] PHP Deprecated:  Creation of dynamic property rcmail::$imap is deprecated in /data/www/roundcubemail/program/lib/Roundcube/rcube.php on line 329
[23-Oct-2024 12:09:18 UTC] PHP Deprecated:  Creation of dynamic property rcmail::$imap is deprecated in /data/www/roundcubemail/program/lib/Roundcube/rcube.php on line 329
[23-Oct-2024 12:09:21 UTC] PHP Deprecated:  Creation of dynamic property rcmail::$imap is deprecated in /data/www/roundcubemail/program/lib/Roundcube/rcube.php on line 329
[23-Oct-2024 12:09:28 UTC] PHP Deprecated:  Creation of dynamic property rcmail::$imap is deprecated in /data/www/roundcubemail/program/lib/Roundcube/rcube.php on line 329
[23-Oct-2024 12:09:28 UTC] PHP Deprecated:  Creation of dynamic property Net_SMTP::$gssapi_principal is deprecated in /data/www/roundcubemail/vendor/pear/net_smtp/Net/SMTP.php on line 193
[23-Oct-2024 12:09:28 UTC] PHP Deprecated:  Creation of dynamic property Net_SMTP::$gssapi_cname is deprecated in /data/www/roundcubemail/vendor/pear/net_smtp/Net/SMTP.php on line 194
[23-Oct-2024 12:09:29 UTC] PHP Deprecated:  Creation of dynamic property Mail_mime::$mailbody_file is deprecated in /data/www/roundcubemail/program/include/rcmail_sendmail.php on line 451
[23-Oct-2024 12:09:30 UTC] PHP Deprecated:  Creation of dynamic property rcmail::$imap is deprecated in /data/www/roundcubemail/program/lib/Roundcube/rcube.php on line 329
[23-Oct-2024 12:09:30 UTC] PHP Deprecated:  Creation of dynamic property rcmail::$imap is deprecated in /data/www/roundcubemail/program/lib/Roundcube/rcube.php on line 329
[23-Oct-2024 12:09:31 UTC] PHP Deprecated:  Creation of dynamic property rcmail::$imap is deprecated in /data/www/roundcubemail/program/lib/Roundcube/rcube.php on line 329
[23-Oct-2024 12:09:33 UTC] PHP Deprecated:  Creation of dynamic property rcmail::$imap is deprecated in /data/www/roundcubemail/program/lib/Roundcube/rcube.php on line 329
[23-Oct-2024 12:09:34 UTC] PHP Deprecated:  Creation of dynamic property rcmail::$imap is deprecated in /data/www/roundcubemail/program/lib/Roundcube/rcube.php on line 329
[23-Oct-2024 12:09:34 UTC] PHP Deprecated:  Creation of dynamic property rcmail::$imap is deprecated in /data/www/roundcubemail/program/lib/Roundcube/rcube.php on line 329
[23-Oct-2024 12:09:45 UTC] PHP Deprecated:  Creation of dynamic property rcmail::$imap is deprecated in /data/www/roundcubemail/program/lib/Roundcube/rcube.php on line 329
[23-Oct-2024 12:09:49 UTC] PHP Deprecated:  Creation of dynamic property rcmail::$imap is deprecated in /data/www/roundcubemail/program/lib/Roundcube/rcube.php on line 329
[23-Oct-2024 12:09:49 UTC] PHP Deprecated:  Creation of dynamic property rcmail::$user_email is deprecated in /data/www/roundcubemail/program/include/rcmail.php on line 792
[23-Oct-2024 12:09:49 UTC] PHP Deprecated:  Creation of dynamic property rcmail::$password is deprecated in /data/www/roundcubemail/program/include/rcmail.php on line 793
[23-Oct-2024 12:09:50 UTC] PHP Deprecated:  Creation of dynamic property rcmail::$imap is deprecated in /data/www/roundcubemail/program/lib/Roundcube/rcube.php on line 329
[23-Oct-2024 12:09:50 UTC] PHP Deprecated:  Creation of dynamic property rcmail::$imap is deprecated in /data/www/roundcubemail/program/lib/Roundcube/rcube.php on line 329
[23-Oct-2024 12:09:50 UTC] PHP Deprecated:  Creation of dynamic property rcmail::$imap is deprecated in /data/www/roundcubemail/program/lib/Roundcube/rcube.php on line 329
[23-Oct-2024 12:10:10 UTC] PHP Deprecated:  Creation of dynamic property rcmail::$imap is deprecated in /data/www/roundcubemail/program/lib/Roundcube/rcube.php on line 329
[23-Oct-2024 12:10:13 UTC] PHP Deprecated:  Creation of dynamic property rcmail::$imap is deprecated in /data/www/roundcubemail/program/lib/Roundcube/rcube.php on line 329
[23-Oct-2024 12:10:15 +0000]: <n0j1q49q> IMAP Error: Login failed for muazu@wordpress.example.com against mail.wordpress.example.com from 89.134.11.116. AUTHENTICATE PLAIN: Authentication failed. in /data/www/roundcubemail/program/lib/Roundcube/rcube_imap.php on line 211 (POST /webmail/?_task=login&_action=login)
[23-Oct-2024 12:10:23 UTC] PHP Deprecated:  Creation of dynamic property rcmail::$imap is deprecated in /data/www/roundcubemail/program/lib/Roundcube/rcube.php on line 329
[23-Oct-2024 12:10:29 +0000]: <n0j1q49q> IMAP Error: Login failed for muazu@example.net against mail.wordpress.example.com from 89.134.11.116. AUTHENTICATE PLAIN: Authentication failed. in /data/www/roundcubemail/program/lib/Roundcube/rcube_imap.php on line 211 (POST /webmail/?_task=login&_action=login)
[23-Oct-2024 13:08:31 UTC] PHP Deprecated:  Creation of dynamic property rcmail::$imap is deprecated in /data/www/roundcubemail/program/lib/Roundcube/rcube.php on line 329
[23-Oct-2024 13:08:33 UTC] PHP Deprecated:  Creation of dynamic property rcmail::$imap is deprecated in /data/www/roundcubemail/program/lib/Roundcube/rcube.php on line 329
[23-Oct-2024 13:08:34 +0000]: <ajka8jup> IMAP Error: Login failed for adamu@example.net against mail.wordpress.example.com from 127.0.0.1. AUTHENTICATE PLAIN: Authentication failed. in /data/www/roundcubemail/program/lib/Roundcube/rcube_imap.php on line 211 (POST /webmail/?_task=login&_action=login)
[23-Oct-2024 13:08:37 UTC] PHP Deprecated:  Creation of dynamic property rcmail::$imap is deprecated in /data/www/roundcubemail/program/lib/Roundcube/rcube.php on line 329
[23-Oct-2024 13:15:12 UTC] PHP Deprecated:  Creation of dynamic property rcmail::$imap is deprecated in /data/www/roundcubemail/program/lib/Roundcube/rcube.php on line 329
[23-Oct-2024 13:15:12 UTC] PHP Deprecated:  Creation of dynamic property rcmail::$imap is deprecated in /data/www/roundcubemail/program/lib/Roundcube/rcube.php on line 329
[23-Oct-2024 13:15:13 UTC] PHP Deprecated:  Creation of dynamic property rcmail::$imap is deprecated in /data/www/roundcubemail/program/lib/Roundcube/rcube.php on line 329
[23-Oct-2024 13:15:13 UTC] PHP Deprecated:  Creation of dynamic property rcmail::$imap is deprecated in /data/www/roundcubemail/program/lib/Roundcube/rcube.php on line 329
[23-Oct-2024 13:15:17 UTC] PHP Deprecated:  Creation of dynamic property rcmail::$imap is deprecated in /data/www/roundcubemail/program/lib/Roundcube/rcube.php on line 329
[23-Oct-2024 13:15:24 UTC] PHP Deprecated:  Creation of dynamic property rcmail::$imap is deprecated in /data/www/roundcubemail/program/lib/Roundcube/rcube.php on line 329
[23-Oct-2024 13:15:24 UTC] PHP Deprecated:  Creation of dynamic property rcmail::$imap is deprecated in /data/www/roundcubemail/program/lib/Roundcube/rcube.php on line 329
[23-Oct-2024 13:15:27 UTC] PHP Deprecated:  Creation of dynamic property rcmail::$imap is deprecated in /data/www/roundcubemail/program/lib/Roundcube/rcube.php on line 329
[23-Oct-2024 13:15:28 UTC] PHP Deprecated:  Creation of dynamic property rcmail::$imap is deprecated in /data/www/roundcubemail/program/lib/Roundcube/rcube.php on line 329
[23-Oct-2024 13:15:28 UTC] PHP Deprecated:  Creation of dynamic property rcmail::$imap is deprecated in /data/www/roundcubemail/program/lib/Roundcube/rcube.php on line 329
[23-Oct-2024 13:15:36 UTC] PHP Deprecated:  Creation of dynamic property rcmail::$imap is deprecated in /data/www/roundcubemail/program/lib/Roundcube/rcube.php on line 329
[23-Oct-2024 13:15:36 UTC] PHP Deprecated:  Creation of dynamic property rcmail::$imap is deprecated in /data/www/roundcubemail/program/lib/Roundcube/rcube.php on line 329
[23-Oct-2024 13:15:43 UTC] PHP Deprecated:  Creation of dynamic property rcmail::$imap is deprecated in /data/www/roundcubemail/program/lib/Roundcube/rcube.php on line 329
[23-Oct-2024 13:15:57 UTC] PHP Deprecated:  Creation of dynamic property rcmail::$imap is deprecated in /data/www/roundcubemail/program/lib/Roundcube/rcube.php on line 329
[23-Oct-2024 13:15:57 UTC] PHP Deprecated:  Creation of dynamic property Net_SMTP::$gssapi_principal is deprecated in /data/www/roundcubemail/vendor/pear/net_smtp/Net/SMTP.php on line 193
[23-Oct-2024 13:15:57 UTC] PHP Deprecated:  Creation of dynamic property Net_SMTP::$gssapi_cname is deprecated in /data/www/roundcubemail/vendor/pear/net_smtp/Net/SMTP.php on line 194
[23-Oct-2024 13:15:57 UTC] PHP Deprecated:  Creation of dynamic property Mail_mime::$mailbody_file is deprecated in /data/www/roundcubemail/program/include/rcmail_sendmail.php on line 451
[23-Oct-2024 13:15:58 UTC] PHP Deprecated:  Creation of dynamic property rcmail::$imap is deprecated in /data/www/roundcubemail/program/lib/Roundcube/rcube.php on line 329
[23-Oct-2024 13:15:59 UTC] PHP Deprecated:  Creation of dynamic property rcmail::$imap is deprecated in /data/www/roundcubemail/program/lib/Roundcube/rcube.php on line 329
[23-Oct-2024 13:15:59 UTC] PHP Deprecated:  Creation of dynamic property rcmail::$imap is deprecated in /data/www/roundcubemail/program/lib/Roundcube/rcube.php on line 329
[23-Oct-2024 13:16:15 UTC] PHP Deprecated:  Creation of dynamic property rcmail::$imap is deprecated in /data/www/roundcubemail/program/lib/Roundcube/rcube.php on line 329
[23-Oct-2024 13:16:29 UTC] PHP Deprecated:  Creation of dynamic property rcmail::$imap is deprecated in /data/www/roundcubemail/program/lib/Roundcube/rcube.php on line 329
[23-Oct-2024 13:16:40 UTC] PHP Deprecated:  Creation of dynamic property rcmail::$imap is deprecated in /data/www/roundcubemail/program/lib/Roundcube/rcube.php on line 329
[23-Oct-2024 13:16:58 UTC] PHP Deprecated:  Creation of dynamic property rcmail::$imap is deprecated in /data/www/roundcubemail/program/lib/Roundcube/rcube.php on line 329
[23-Oct-2024 13:16:59 UTC] PHP Deprecated:  Creation of dynamic property rcmail::$imap is deprecated in /data/www/roundcubemail/program/lib/Roundcube/rcube.php on line 329
[23-Oct-2024 13:16:59 UTC] PHP Deprecated:  Creation of dynamic property rcmail::$imap is deprecated in /data/www/roundcubemail/program/lib/Roundcube/rcube.php on line 329
[23-Oct-2024 13:17:59 UTC] PHP Deprecated:  Creation of dynamic property rcmail::$imap is deprecated in /data/www/roundcubemail/program/lib/Roundcube/rcube.php on line 329
[23-Oct-2024 13:18:20 UTC] PHP Deprecated:  Creation of dynamic property rcmail::$imap is deprecated in /data/www/roundcubemail/program/lib/Roundcube/rcube.php on line 329
[23-Oct-2024 13:18:27 UTC] PHP Deprecated:  Creation of dynamic property rcmail::$imap is deprecated in /data/www/roundcubemail/program/lib/Roundcube/rcube.php on line 329
[23-Oct-2024 13:18:28 UTC] PHP Deprecated:  Creation of dynamic property rcmail::$imap is deprecated in /data/www/roundcubemail/program/lib/Roundcube/rcube.php on line 329
[23-Oct-2024 13:18:29 UTC] PHP Deprecated:  Creation of dynamic property rcmail::$imap is deprecated in /data/www/roundcubemail/program/lib/Roundcube/rcube.php on line 329
[23-Oct-2024 13:18:29 UTC] PHP Deprecated:  Creation of dynamic property rcmail::$imap is deprecated in /data/www/roundcubemail/program/lib/Roundcube/rcube.php on line 329
[23-Oct-2024 13:18:32 +0000]: <dpsg9mq4> PHP Error: Request security check failed (GET /webmail/?_task=logout&_token=6vhbygQyihAOFOmXFpPnTnJJdoUeHo4Q)
[23-Oct-2024 13:18:35 UTC] PHP Deprecated:  Creation of dynamic property rcmail::$imap is deprecated in /data/www/roundcubemail/program/lib/Roundcube/rcube.php on line 329
[23-Oct-2024 13:18:40 UTC] PHP Deprecated:  Creation of dynamic property rcmail::$imap is deprecated in /data/www/roundcubemail/program/lib/Roundcube/rcube.php on line 329
[23-Oct-2024 13:18:40 UTC] PHP Deprecated:  Creation of dynamic property rcmail::$imap is deprecated in /data/www/roundcubemail/program/lib/Roundcube/rcube.php on line 329
[23-Oct-2024 13:18:41 UTC] PHP Deprecated:  Creation of dynamic property rcmail::$imap is deprecated in /data/www/roundcubemail/program/lib/Roundcube/rcube.php on line 329
[23-Oct-2024 13:18:41 UTC] PHP Deprecated:  Creation of dynamic property rcmail::$imap is deprecated in /data/www/roundcubemail/program/lib/Roundcube/rcube.php on line 329
[23-Oct-2024 13:18:45 UTC] PHP Deprecated:  Creation of dynamic property rcmail::$imap is deprecated in /data/www/roundcubemail/program/lib/Roundcube/rcube.php on line 329
[23-Oct-2024 14:05:56 UTC] PHP Deprecated:  Creation of dynamic property rcmail::$imap is deprecated in /data/www/roundcubemail/program/lib/Roundcube/rcube.php on line 329
[23-Oct-2024 14:05:59 +0000]: <4a913vsr> IMAP Error: Login failed for adamu@example.net against mail.wordpress.example.com from 127.0.0.1. AUTHENTICATE PLAIN: Authentication failed. in /data/www/roundcubemail/program/lib/Roundcube/rcube_imap.php on line 211 (POST /webmail/?_task=login&_action=login)
[23-Oct-2024 14:05:59 UTC] PHP Deprecated:  Creation of dynamic property rcmail::$imap is deprecated in /data/www/roundcubemail/program/lib/Roundcube/rcube.php on line 329
[23-Oct-2024 14:06:03 UTC] PHP Deprecated:  Creation of dynamic property rcmail::$imap is deprecated in /data/www/roundcubemail/program/lib/Roundcube/rcube.php on line 329
[23-Oct-2024 15:05:54 UTC] PHP Deprecated:  Creation of dynamic property rcmail::$imap is deprecated in /data/www/roundcubemail/program/lib/Roundcube/rcube.php on line 329
[23-Oct-2024 15:05:54 UTC] PHP Deprecated:  Creation of dynamic property rcmail::$imap is deprecated in /data/www/roundcubemail/program/lib/Roundcube/rcube.php on line 329
[23-Oct-2024 15:05:56 UTC] PHP Deprecated:  Creation of dynamic property rcmail::$imap is deprecated in /data/www/roundcubemail/program/lib/Roundcube/rcube.php on line 329
[23-Oct-2024 15:06:00 +0000]: <sika80lu> IMAP Error: Login failed for adamu@example.net against mail.wordpress.example.com from 127.0.0.1. AUTHENTICATE PLAIN: Authentication failed. in /data/www/roundcubemail/program/lib/Roundcube/rcube_imap.php on line 211 (POST /webmail/?_task=login&_action=login)
[23-Oct-2024 15:40:04 UTC] PHP Deprecated:  Creation of dynamic property rcmail::$imap is deprecated in /data/www/roundcubemail/program/lib/Roundcube/rcube.php on line 329
[23-Oct-2024 15:40:07 +0000]: <8klklgdm> IMAP Error: Login failed for adamu@example.net against mail.wordpress.example.com from 89.134.11.116. AUTHENTICATE PLAIN: Authentication failed. in /data/www/roundcubemail/program/lib/Roundcube/rcube_imap.php on line 211 (POST /webmail/?_task=login&_action=login)
[23-Oct-2024 15:40:13 UTC] PHP Deprecated:  Creation of dynamic property rcmail::$imap is deprecated in /data/www/roundcubemail/program/lib/Roundcube/rcube.php on line 329
[23-Oct-2024 15:40:17 UTC] PHP Deprecated:  Creation of dynamic property rcmail::$imap is deprecated in /data/www/roundcubemail/program/lib/Roundcube/rcube.php on line 329
[23-Oct-2024 15:40:18 UTC] PHP Deprecated:  Creation of dynamic property rcmail::$imap is deprecated in /data/www/roundcubemail/program/lib/Roundcube/rcube.php on line 329
[23-Oct-2024 15:40:18 UTC] PHP Deprecated:  Creation of dynamic property rcmail::$imap is deprecated in /data/www/roundcubemail/program/lib/Roundcube/rcube.php on line 329
[23-Oct-2024 15:40:25 UTC] PHP Deprecated:  Creation of dynamic property rcmail::$imap is deprecated in /data/www/roundcubemail/program/lib/Roundcube/rcube.php on line 329
[23-Oct-2024 15:40:26 UTC] PHP Deprecated:  Creation of dynamic property rcmail::$imap is deprecated in /data/www/roundcubemail/program/lib/Roundcube/rcube.php on line 329
[23-Oct-2024 15:40:28 UTC] PHP Deprecated:  Creation of dynamic property rcmail::$imap is deprecated in /data/www/roundcubemail/program/lib/Roundcube/rcube.php on line 329
[23-Oct-2024 15:40:29 UTC] PHP Deprecated:  Creation of dynamic property rcmail::$imap is deprecated in /data/www/roundcubemail/program/lib/Roundcube/rcube.php on line 329
[23-Oct-2024 15:40:30 UTC] PHP Deprecated:  Creation of dynamic property rcmail::$imap is deprecated in /data/www/roundcubemail/program/lib/Roundcube/rcube.php on line 329
[23-Oct-2024 15:40:30 UTC] PHP Deprecated:  Creation of dynamic property rcmail::$imap is deprecated in /data/www/roundcubemail/program/lib/Roundcube/rcube.php on line 329
[23-Oct-2024 15:40:35 UTC] PHP Deprecated:  Creation of dynamic property rcmail::$imap is deprecated in /data/www/roundcubemail/program/lib/Roundcube/rcube.php on line 329
[23-Oct-2024 15:40:35 UTC] PHP Deprecated:  Creation of dynamic property Net_SMTP::$gssapi_principal is deprecated in /data/www/roundcubemail/vendor/pear/net_smtp/Net/SMTP.php on line 193
[23-Oct-2024 15:40:35 UTC] PHP Deprecated:  Creation of dynamic property Net_SMTP::$gssapi_cname is deprecated in /data/www/roundcubemail/vendor/pear/net_smtp/Net/SMTP.php on line 194
[23-Oct-2024 15:40:36 UTC] PHP Deprecated:  Creation of dynamic property Mail_mime::$mailbody_file is deprecated in /data/www/roundcubemail/program/include/rcmail_sendmail.php on line 451
[23-Oct-2024 15:40:37 UTC] PHP Deprecated:  Creation of dynamic property rcmail::$imap is deprecated in /data/www/roundcubemail/program/lib/Roundcube/rcube.php on line 329
[23-Oct-2024 15:40:38 UTC] PHP Deprecated:  Creation of dynamic property rcmail::$imap is deprecated in /data/www/roundcubemail/program/lib/Roundcube/rcube.php on line 329
[23-Oct-2024 15:40:38 UTC] PHP Deprecated:  Creation of dynamic property rcmail::$imap is deprecated in /data/www/roundcubemail/program/lib/Roundcube/rcube.php on line 329
[23-Oct-2024 15:41:38 UTC] PHP Deprecated:  Creation of dynamic property rcmail::$imap is deprecated in /data/www/roundcubemail/program/lib/Roundcube/rcube.php on line 329
[23-Oct-2024 15:42:38 UTC] PHP Deprecated:  Creation of dynamic property rcmail::$imap is deprecated in /data/www/roundcubemail/program/lib/Roundcube/rcube.php on line 329
[23-Oct-2024 15:43:38 UTC] PHP Deprecated:  Creation of dynamic property rcmail::$imap is deprecated in /data/www/roundcubemail/program/lib/Roundcube/rcube.php on line 329
[23-Oct-2024 15:45:24 UTC] PHP Deprecated:  Creation of dynamic property rcmail::$imap is deprecated in /data/www/roundcubemail/program/lib/Roundcube/rcube.php on line 329
[23-Oct-2024 15:46:23 UTC] PHP Deprecated:  Creation of dynamic property rcmail::$imap is deprecated in /data/www/roundcubemail/program/lib/Roundcube/rcube.php on line 329
[23-Oct-2024 15:47:23 UTC] PHP Deprecated:  Creation of dynamic property rcmail::$imap is deprecated in /data/www/roundcubemail/program/lib/Roundcube/rcube.php on line 329
[23-Oct-2024 15:48:23 UTC] PHP Deprecated:  Creation of dynamic property rcmail::$imap is deprecated in /data/www/roundcubemail/program/lib/Roundcube/rcube.php on line 329
[23-Oct-2024 15:49:24 UTC] PHP Deprecated:  Creation of dynamic property rcmail::$imap is deprecated in /data/www/roundcubemail/program/lib/Roundcube/rcube.php on line 329
[23-Oct-2024 15:50:23 UTC] PHP Deprecated:  Creation of dynamic property rcmail::$imap is deprecated in /data/www/roundcubemail/program/lib/Roundcube/rcube.php on line 329
[23-Oct-2024 15:51:23 UTC] PHP Deprecated:  Creation of dynamic property rcmail::$imap is deprecated in /data/www/roundcubemail/program/lib/Roundcube/rcube.php on line 329
[23-Oct-2024 15:52:23 UTC] PHP Deprecated:  Creation of dynamic property rcmail::$imap is deprecated in /data/www/roundcubemail/program/lib/Roundcube/rcube.php on line 329
[23-Oct-2024 15:53:24 UTC] PHP Deprecated:  Creation of dynamic property rcmail::$imap is deprecated in /data/www/roundcubemail/program/lib/Roundcube/rcube.php on line 329
[23-Oct-2024 15:54:23 UTC] PHP Deprecated:  Creation of dynamic property rcmail::$imap is deprecated in /data/www/roundcubemail/program/lib/Roundcube/rcube.php on line 329
[23-Oct-2024 15:55:23 UTC] PHP Deprecated:  Creation of dynamic property rcmail::$imap is deprecated in /data/www/roundcubemail/program/lib/Roundcube/rcube.php on line 329
[23-Oct-2024 15:56:23 UTC] PHP Deprecated:  Creation of dynamic property rcmail::$imap is deprecated in /data/www/roundcubemail/program/lib/Roundcube/rcube.php on line 329
[23-Oct-2024 15:57:23 UTC] PHP Deprecated:  Creation of dynamic property rcmail::$imap is deprecated in /data/www/roundcubemail/program/lib/Roundcube/rcube.php on line 329
[23-Oct-2024 15:58:23 UTC] PHP Deprecated:  Creation of dynamic property rcmail::$imap is deprecated in /data/www/roundcubemail/program/lib/Roundcube/rcube.php on line 329
[23-Oct-2024 15:59:23 UTC] PHP Deprecated:  Creation of dynamic property rcmail::$imap is deprecated in /data/www/roundcubemail/program/lib/Roundcube/rcube.php on line 329
[23-Oct-2024 16:00:24 UTC] PHP Deprecated:  Creation of dynamic property rcmail::$imap is deprecated in /data/www/roundcubemail/program/lib/Roundcube/rcube.php on line 329
[23-Oct-2024 16:00:43 UTC] PHP Deprecated:  Creation of dynamic property rcmail::$imap is deprecated in /data/www/roundcubemail/program/lib/Roundcube/rcube.php on line 329
[23-Oct-2024 16:00:56 UTC] PHP Deprecated:  Creation of dynamic property rcmail::$imap is deprecated in /data/www/roundcubemail/program/lib/Roundcube/rcube.php on line 329
[23-Oct-2024 16:00:57 UTC] PHP Deprecated:  Creation of dynamic property rcmail::$imap is deprecated in /data/www/roundcubemail/program/lib/Roundcube/rcube.php on line 329
[23-Oct-2024 16:01:13 UTC] PHP Deprecated:  Creation of dynamic property rcmail::$imap is deprecated in /data/www/roundcubemail/program/lib/Roundcube/rcube.php on line 329
[23-Oct-2024 16:01:17 UTC] PHP Deprecated:  Creation of dynamic property rcmail::$imap is deprecated in /data/www/roundcubemail/program/lib/Roundcube/rcube.php on line 329
[23-Oct-2024 16:01:18 UTC] PHP Deprecated:  Creation of dynamic property rcmail::$imap is deprecated in /data/www/roundcubemail/program/lib/Roundcube/rcube.php on line 329
[23-Oct-2024 16:01:18 UTC] PHP Deprecated:  Creation of dynamic property rcmail::$imap is deprecated in /data/www/roundcubemail/program/lib/Roundcube/rcube.php on line 329
[23-Oct-2024 16:01:19 UTC] PHP Deprecated:  Creation of dynamic property rcmail::$imap is deprecated in /data/www/roundcubemail/program/lib/Roundcube/rcube.php on line 329
[23-Oct-2024 16:02:18 UTC] PHP Deprecated:  Creation of dynamic property rcmail::$imap is deprecated in /data/www/roundcubemail/program/lib/Roundcube/rcube.php on line 329
[23-Oct-2024 16:03:18 UTC] PHP Deprecated:  Creation of dynamic property rcmail::$imap is deprecated in /data/www/roundcubemail/program/lib/Roundcube/rcube.php on line 329
[23-Oct-2024 16:04:18 UTC] PHP Deprecated:  Creation of dynamic property rcmail::$imap is deprecated in /data/www/roundcubemail/program/lib/Roundcube/rcube.php on line 329
[23-Oct-2024 16:05:23 UTC] PHP Deprecated:  Creation of dynamic property rcmail::$imap is deprecated in /data/www/roundcubemail/program/lib/Roundcube/rcube.php on line 329
[23-Oct-2024 16:05:55 UTC] PHP Deprecated:  Creation of dynamic property rcmail::$imap is deprecated in /data/www/roundcubemail/program/lib/Roundcube/rcube.php on line 329
[23-Oct-2024 16:05:56 UTC] PHP Deprecated:  Creation of dynamic property rcmail::$imap is deprecated in /data/www/roundcubemail/program/lib/Roundcube/rcube.php on line 329
[23-Oct-2024 16:05:58 +0000]: <f2b2h4mg> IMAP Error: Login failed for adamu@example.net against mail.wordpress.example.com from 127.0.0.1. AUTHENTICATE PLAIN: Authentication failed. in /data/www/roundcubemail/program/lib/Roundcube/rcube_imap.php on line 211 (POST /webmail/?_task=login&_action=login)
[23-Oct-2024 16:06:01 UTC] PHP Deprecated:  Creation of dynamic property rcmail::$imap is deprecated in /data/www/roundcubemail/program/lib/Roundcube/rcube.php on line 329
[23-Oct-2024 16:06:24 UTC] PHP Deprecated:  Creation of dynamic property rcmail::$imap is deprecated in /data/www/roundcubemail/program/lib/Roundcube/rcube.php on line 329
[23-Oct-2024 16:07:24 UTC] PHP Deprecated:  Creation of dynamic property rcmail::$imap is deprecated in /data/www/roundcubemail/program/lib/Roundcube/rcube.php on line 329
[23-Oct-2024 16:08:23 UTC] PHP Deprecated:  Creation of dynamic property rcmail::$imap is deprecated in /data/www/roundcubemail/program/lib/Roundcube/rcube.php on line 329
[23-Oct-2024 16:09:23 UTC] PHP Deprecated:  Creation of dynamic property rcmail::$imap is deprecated in /data/www/roundcubemail/program/lib/Roundcube/rcube.php on line 329
[23-Oct-2024 16:10:23 UTC] PHP Deprecated:  Creation of dynamic property rcmail::$imap is deprecated in /data/www/roundcubemail/program/lib/Roundcube/rcube.php on line 329
[23-Oct-2024 16:11:23 UTC] PHP Deprecated:  Creation of dynamic property rcmail::$imap is deprecated in /data/www/roundcubemail/program/lib/Roundcube/rcube.php on line 329
[23-Oct-2024 16:12:24 UTC] PHP Deprecated:  Creation of dynamic property rcmail::$imap is deprecated in /data/www/roundcubemail/program/lib/Roundcube/rcube.php on line 329
[23-Oct-2024 16:13:24 UTC] PHP Deprecated:  Creation of dynamic property rcmail::$imap is deprecated in /data/www/roundcubemail/program/lib/Roundcube/rcube.php on line 329
[23-Oct-2024 16:14:24 UTC] PHP Deprecated:  Creation of dynamic property rcmail::$imap is deprecated in /data/www/roundcubemail/program/lib/Roundcube/rcube.php on line 329
[23-Oct-2024 16:15:24 UTC] PHP Deprecated:  Creation of dynamic property rcmail::$imap is deprecated in /data/www/roundcubemail/program/lib/Roundcube/rcube.php on line 329
[23-Oct-2024 16:16:23 UTC] PHP Deprecated:  Creation of dynamic property rcmail::$imap is deprecated in /data/www/roundcubemail/program/lib/Roundcube/rcube.php on line 329
[23-Oct-2024 16:17:24 UTC] PHP Deprecated:  Creation of dynamic property rcmail::$imap is deprecated in /data/www/roundcubemail/program/lib/Roundcube/rcube.php on line 329
[23-Oct-2024 16:18:24 UTC] PHP Deprecated:  Creation of dynamic property rcmail::$imap is deprecated in /data/www/roundcubemail/program/lib/Roundcube/rcube.php on line 329
[23-Oct-2024 16:19:23 UTC] PHP Deprecated:  Creation of dynamic property rcmail::$imap is deprecated in /data/www/roundcubemail/program/lib/Roundcube/rcube.php on line 329
[23-Oct-2024 16:20:24 UTC] PHP Deprecated:  Creation of dynamic property rcmail::$imap is deprecated in /data/www/roundcubemail/program/lib/Roundcube/rcube.php on line 329
[23-Oct-2024 16:21:23 UTC] PHP Deprecated:  Creation of dynamic property rcmail::$imap is deprecated in /data/www/roundcubemail/program/lib/Roundcube/rcube.php on line 329
[23-Oct-2024 16:22:24 UTC] PHP Deprecated:  Creation of dynamic property rcmail::$imap is deprecated in /data/www/roundcubemail/program/lib/Roundcube/rcube.php on line 329
[23-Oct-2024 16:23:24 UTC] PHP Deprecated:  Creation of dynamic property rcmail::$imap is deprecated in /data/www/roundcubemail/program/lib/Roundcube/rcube.php on line 329
[23-Oct-2024 16:24:24 UTC] PHP Deprecated:  Creation of dynamic property rcmail::$imap is deprecated in /data/www/roundcubemail/program/lib/Roundcube/rcube.php on line 329
[23-Oct-2024 16:25:23 UTC] PHP Deprecated:  Creation of dynamic property rcmail::$imap is deprecated in /data/www/roundcubemail/program/lib/Roundcube/rcube.php on line 329
[23-Oct-2024 16:26:23 UTC] PHP Deprecated:  Creation of dynamic property rcmail::$imap is deprecated in /data/www/roundcubemail/program/lib/Roundcube/rcube.php on line 329
[23-Oct-2024 16:27:24 UTC] PHP Deprecated:  Creation of dynamic property rcmail::$imap is deprecated in /data/www/roundcubemail/program/lib/Roundcube/rcube.php on line 329
[23-Oct-2024 16:28:24 UTC] PHP Deprecated:  Creation of dynamic property rcmail::$imap is deprecated in /data/www/roundcubemail/program/lib/Roundcube/rcube.php on line 329
[23-Oct-2024 16:29:23 UTC] PHP Deprecated:  Creation of dynamic property rcmail::$imap is deprecated in /data/www/roundcubemail/program/lib/Roundcube/rcube.php on line 329
[23-Oct-2024 16:30:24 UTC] PHP Deprecated:  Creation of dynamic property rcmail::$imap is deprecated in /data/www/roundcubemail/program/lib/Roundcube/rcube.php on line 329
[23-Oct-2024 16:31:23 UTC] PHP Deprecated:  Creation of dynamic property rcmail::$imap is deprecated in /data/www/roundcubemail/program/lib/Roundcube/rcube.php on line 329
[23-Oct-2024 16:33:24 UTC] PHP Deprecated:  Creation of dynamic property rcmail::$imap is deprecated in /data/www/roundcubemail/program/lib/Roundcube/rcube.php on line 329
[23-Oct-2024 16:33:27 UTC] PHP Deprecated:  Creation of dynamic property rcmail::$imap is deprecated in /data/www/roundcubemail/program/lib/Roundcube/rcube.php on line 329
[23-Oct-2024 16:33:31 UTC] PHP Deprecated:  Creation of dynamic property rcmail::$imap is deprecated in /data/www/roundcubemail/program/lib/Roundcube/rcube.php on line 329
[23-Oct-2024 16:33:32 UTC] PHP Deprecated:  Creation of dynamic property rcmail::$imap is deprecated in /data/www/roundcubemail/program/lib/Roundcube/rcube.php on line 329
[23-Oct-2024 16:33:33 UTC] PHP Deprecated:  Creation of dynamic property rcmail::$imap is deprecated in /data/www/roundcubemail/program/lib/Roundcube/rcube.php on line 329
[23-Oct-2024 16:33:33 UTC] PHP Deprecated:  Creation of dynamic property rcmail::$imap is deprecated in /data/www/roundcubemail/program/lib/Roundcube/rcube.php on line 329
[23-Oct-2024 16:33:35 UTC] PHP Deprecated:  Creation of dynamic property rcmail::$imap is deprecated in /data/www/roundcubemail/program/lib/Roundcube/rcube.php on line 329
[23-Oct-2024 16:33:35 UTC] PHP Deprecated:  Creation of dynamic property rcmail::$imap is deprecated in /data/www/roundcubemail/program/lib/Roundcube/rcube.php on line 329
[23-Oct-2024 16:33:40 UTC] PHP Deprecated:  Creation of dynamic property rcmail::$imap is deprecated in /data/www/roundcubemail/program/lib/Roundcube/rcube.php on line 329
[23-Oct-2024 16:33:42 UTC] PHP Deprecated:  Creation of dynamic property rcmail::$imap is deprecated in /data/www/roundcubemail/program/lib/Roundcube/rcube.php on line 329
[23-Oct-2024 16:33:52 UTC] PHP Deprecated:  Creation of dynamic property rcmail::$imap is deprecated in /data/www/roundcubemail/program/lib/Roundcube/rcube.php on line 329
[23-Oct-2024 16:33:52 UTC] PHP Deprecated:  Creation of dynamic property Net_SMTP::$gssapi_principal is deprecated in /data/www/roundcubemail/vendor/pear/net_smtp/Net/SMTP.php on line 193
[23-Oct-2024 16:33:52 UTC] PHP Deprecated:  Creation of dynamic property Net_SMTP::$gssapi_cname is deprecated in /data/www/roundcubemail/vendor/pear/net_smtp/Net/SMTP.php on line 194
[23-Oct-2024 16:33:52 UTC] PHP Deprecated:  Creation of dynamic property Mail_mime::$mailbody_file is deprecated in /data/www/roundcubemail/program/include/rcmail_sendmail.php on line 451
[23-Oct-2024 16:33:53 UTC] PHP Deprecated:  Creation of dynamic property rcmail::$imap is deprecated in /data/www/roundcubemail/program/lib/Roundcube/rcube.php on line 329
[23-Oct-2024 16:33:54 UTC] PHP Deprecated:  Creation of dynamic property rcmail::$imap is deprecated in /data/www/roundcubemail/program/lib/Roundcube/rcube.php on line 329
[23-Oct-2024 16:33:55 UTC] PHP Deprecated:  Creation of dynamic property rcmail::$imap is deprecated in /data/www/roundcubemail/program/lib/Roundcube/rcube.php on line 329
[23-Oct-2024 16:34:04 UTC] PHP Deprecated:  Creation of dynamic property rcmail::$imap is deprecated in /data/www/roundcubemail/program/lib/Roundcube/rcube.php on line 329
[23-Oct-2024 16:34:13 UTC] PHP Deprecated:  Creation of dynamic property rcmail::$imap is deprecated in /data/www/roundcubemail/program/lib/Roundcube/rcube.php on line 329
[23-Oct-2024 16:34:14 UTC] PHP Deprecated:  Creation of dynamic property rcmail::$imap is deprecated in /data/www/roundcubemail/program/lib/Roundcube/rcube.php on line 329
[23-Oct-2024 16:34:14 UTC] PHP Deprecated:  Creation of dynamic property rcmail::$imap is deprecated in /data/www/roundcubemail/program/lib/Roundcube/rcube.php on line 329
[23-Oct-2024 16:34:18 UTC] PHP Deprecated:  Creation of dynamic property rcmail::$imap is deprecated in /data/www/roundcubemail/program/lib/Roundcube/rcube.php on line 329
[23-Oct-2024 16:34:19 UTC] PHP Deprecated:  Creation of dynamic property rcmail::$imap is deprecated in /data/www/roundcubemail/program/lib/Roundcube/rcube.php on line 329
[23-Oct-2024 16:34:19 UTC] PHP Deprecated:  Creation of dynamic property rcmail::$imap is deprecated in /data/www/roundcubemail/program/lib/Roundcube/rcube.php on line 329
[23-Oct-2024 16:34:21 UTC] PHP Deprecated:  Creation of dynamic property rcmail::$imap is deprecated in /data/www/roundcubemail/program/lib/Roundcube/rcube.php on line 329
[23-Oct-2024 16:34:26 UTC] PHP Deprecated:  Creation of dynamic property rcmail::$imap is deprecated in /data/www/roundcubemail/program/lib/Roundcube/rcube.php on line 329
[23-Oct-2024 16:34:26 UTC] PHP Deprecated:  Creation of dynamic property rcmail::$imap is deprecated in /data/www/roundcubemail/program/lib/Roundcube/rcube.php on line 329
[23-Oct-2024 16:34:27 UTC] PHP Deprecated:  Creation of dynamic property rcmail::$imap is deprecated in /data/www/roundcubemail/program/lib/Roundcube/rcube.php on line 329
[23-Oct-2024 16:34:27 UTC] PHP Deprecated:  Creation of dynamic property rcmail::$imap is deprecated in /data/www/roundcubemail/program/lib/Roundcube/rcube.php on line 329
[23-Oct-2024 16:34:31 UTC] PHP Deprecated:  Creation of dynamic property rcmail::$imap is deprecated in /data/www/roundcubemail/program/lib/Roundcube/rcube.php on line 329
[23-Oct-2024 16:34:32 UTC] PHP Deprecated:  Creation of dynamic property rcube_message_header::$structure is deprecated in /data/www/roundcubemail/program/lib/Roundcube/rcube_imap.php on line 2028
[23-Oct-2024 16:35:28 UTC] PHP Deprecated:  Creation of dynamic property rcmail::$imap is deprecated in /data/www/roundcubemail/program/lib/Roundcube/rcube.php on line 329
[23-Oct-2024 16:35:28 UTC] PHP Deprecated:  Creation of dynamic property rcube_message_header::$modseq is deprecated in /data/www/roundcubemail/program/lib/Roundcube/rcube_imap_generic.php on line 2541
[23-Oct-2024 16:36:11 UTC] PHP Deprecated:  Creation of dynamic property rcmail::$imap is deprecated in /data/www/roundcubemail/program/lib/Roundcube/rcube.php on line 329
[23-Oct-2024 16:36:11 UTC] PHP Deprecated:  Creation of dynamic property rcmail::$imap is deprecated in /data/www/roundcubemail/program/lib/Roundcube/rcube.php on line 329
[23-Oct-2024 16:36:14 UTC] PHP Deprecated:  Creation of dynamic property rcmail::$imap is deprecated in /data/www/roundcubemail/program/lib/Roundcube/rcube.php on line 329
[23-Oct-2024 16:36:15 UTC] PHP Deprecated:  Creation of dynamic property rcmail::$imap is deprecated in /data/www/roundcubemail/program/lib/Roundcube/rcube.php on line 329
[23-Oct-2024 16:36:20 UTC] PHP Deprecated:  Creation of dynamic property rcmail::$imap is deprecated in /data/www/roundcubemail/program/lib/Roundcube/rcube.php on line 329
[23-Oct-2024 16:36:20 UTC] PHP Deprecated:  Creation of dynamic property rcmail::$imap is deprecated in /data/www/roundcubemail/program/lib/Roundcube/rcube.php on line 329
[23-Oct-2024 16:36:20 UTC] PHP Deprecated:  Creation of dynamic property rcmail::$imap is deprecated in /data/www/roundcubemail/program/lib/Roundcube/rcube.php on line 329
[23-Oct-2024 16:36:35 UTC] PHP Deprecated:  Creation of dynamic property rcmail::$imap is deprecated in /data/www/roundcubemail/program/lib/Roundcube/rcube.php on line 329
[23-Oct-2024 16:36:35 UTC] PHP Deprecated:  Creation of dynamic property Net_SMTP::$gssapi_principal is deprecated in /data/www/roundcubemail/vendor/pear/net_smtp/Net/SMTP.php on line 193
[23-Oct-2024 16:36:35 UTC] PHP Deprecated:  Creation of dynamic property Net_SMTP::$gssapi_cname is deprecated in /data/www/roundcubemail/vendor/pear/net_smtp/Net/SMTP.php on line 194
[23-Oct-2024 16:36:35 UTC] PHP Deprecated:  Creation of dynamic property Mail_mime::$mailbody_file is deprecated in /data/www/roundcubemail/program/include/rcmail_sendmail.php on line 451
[23-Oct-2024 16:36:36 UTC] PHP Deprecated:  Creation of dynamic property rcmail::$imap is deprecated in /data/www/roundcubemail/program/lib/Roundcube/rcube.php on line 329
[23-Oct-2024 16:36:37 UTC] PHP Deprecated:  Creation of dynamic property rcmail::$imap is deprecated in /data/www/roundcubemail/program/lib/Roundcube/rcube.php on line 329
[23-Oct-2024 16:36:37 UTC] PHP Deprecated:  Creation of dynamic property rcmail::$imap is deprecated in /data/www/roundcubemail/program/lib/Roundcube/rcube.php on line 329
[23-Oct-2024 16:36:43 UTC] PHP Deprecated:  Creation of dynamic property rcmail::$imap is deprecated in /data/www/roundcubemail/program/lib/Roundcube/rcube.php on line 329
[23-Oct-2024 16:36:50 UTC] PHP Deprecated:  Creation of dynamic property rcmail::$imap is deprecated in /data/www/roundcubemail/program/lib/Roundcube/rcube.php on line 329
[23-Oct-2024 16:36:50 UTC] PHP Deprecated:  Creation of dynamic property rcmail::$imap is deprecated in /data/www/roundcubemail/program/lib/Roundcube/rcube.php on line 329
[23-Oct-2024 16:36:51 UTC] PHP Deprecated:  Creation of dynamic property rcmail::$imap is deprecated in /data/www/roundcubemail/program/lib/Roundcube/rcube.php on line 329
[23-Oct-2024 16:36:51 UTC] PHP Deprecated:  Creation of dynamic property rcmail::$imap is deprecated in /data/www/roundcubemail/program/lib/Roundcube/rcube.php on line 329
[23-Oct-2024 16:36:54 UTC] PHP Deprecated:  Creation of dynamic property rcmail::$imap is deprecated in /data/www/roundcubemail/program/lib/Roundcube/rcube.php on line 329
[23-Oct-2024 16:36:54 UTC] PHP Deprecated:  Creation of dynamic property rcube_message_header::$structure is deprecated in /data/www/roundcubemail/program/lib/Roundcube/rcube_imap.php on line 2028
[23-Oct-2024 16:36:57 UTC] PHP Deprecated:  Creation of dynamic property rcmail::$imap is deprecated in /data/www/roundcubemail/program/lib/Roundcube/rcube.php on line 329
[23-Oct-2024 16:37:52 UTC] PHP Deprecated:  Creation of dynamic property rcmail::$imap is deprecated in /data/www/roundcubemail/program/lib/Roundcube/rcube.php on line 329
[23-Oct-2024 16:38:52 UTC] PHP Deprecated:  Creation of dynamic property rcmail::$imap is deprecated in /data/www/roundcubemail/program/lib/Roundcube/rcube.php on line 329
[23-Oct-2024 16:39:16 UTC] PHP Deprecated:  Creation of dynamic property rcmail::$imap is deprecated in /data/www/roundcubemail/program/lib/Roundcube/rcube.php on line 329
[23-Oct-2024 16:39:35 UTC] PHP Deprecated:  Creation of dynamic property rcmail::$imap is deprecated in /data/www/roundcubemail/program/lib/Roundcube/rcube.php on line 329
[23-Oct-2024 16:39:35 UTC] PHP Deprecated:  Creation of dynamic property rcmail::$imap is deprecated in /data/www/roundcubemail/program/lib/Roundcube/rcube.php on line 329
[23-Oct-2024 16:39:36 UTC] PHP Deprecated:  Creation of dynamic property rcmail::$imap is deprecated in /data/www/roundcubemail/program/lib/Roundcube/rcube.php on line 329
[23-Oct-2024 16:39:36 UTC] PHP Deprecated:  Creation of dynamic property rcmail::$imap is deprecated in /data/www/roundcubemail/program/lib/Roundcube/rcube.php on line 329
[23-Oct-2024 16:40:37 UTC] PHP Deprecated:  Creation of dynamic property rcmail::$imap is deprecated in /data/www/roundcubemail/program/lib/Roundcube/rcube.php on line 329
[23-Oct-2024 16:41:36 UTC] PHP Deprecated:  Creation of dynamic property rcmail::$imap is deprecated in /data/www/roundcubemail/program/lib/Roundcube/rcube.php on line 329
[23-Oct-2024 16:42:36 UTC] PHP Deprecated:  Creation of dynamic property rcmail::$imap is deprecated in /data/www/roundcubemail/program/lib/Roundcube/rcube.php on line 329
[23-Oct-2024 16:44:24 UTC] PHP Deprecated:  Creation of dynamic property rcmail::$imap is deprecated in /data/www/roundcubemail/program/lib/Roundcube/rcube.php on line 329
[23-Oct-2024 16:45:23 UTC] PHP Deprecated:  Creation of dynamic property rcmail::$imap is deprecated in /data/www/roundcubemail/program/lib/Roundcube/rcube.php on line 329
[23-Oct-2024 16:46:24 UTC] PHP Deprecated:  Creation of dynamic property rcmail::$imap is deprecated in /data/www/roundcubemail/program/lib/Roundcube/rcube.php on line 329
[23-Oct-2024 16:47:23 UTC] PHP Deprecated:  Creation of dynamic property rcmail::$imap is deprecated in /data/www/roundcubemail/program/lib/Roundcube/rcube.php on line 329
[23-Oct-2024 16:48:23 UTC] PHP Deprecated:  Creation of dynamic property rcmail::$imap is deprecated in /data/www/roundcubemail/program/lib/Roundcube/rcube.php on line 329
[23-Oct-2024 16:49:24 UTC] PHP Deprecated:  Creation of dynamic property rcmail::$imap is deprecated in /data/www/roundcubemail/program/lib/Roundcube/rcube.php on line 329
[23-Oct-2024 16:50:24 UTC] PHP Deprecated:  Creation of dynamic property rcmail::$imap is deprecated in /data/www/roundcubemail/program/lib/Roundcube/rcube.php on line 329
[23-Oct-2024 16:51:24 UTC] PHP Deprecated:  Creation of dynamic property rcmail::$imap is deprecated in /data/www/roundcubemail/program/lib/Roundcube/rcube.php on line 329
[23-Oct-2024 16:52:24 UTC] PHP Deprecated:  Creation of dynamic property rcmail::$imap is deprecated in /data/www/roundcubemail/program/lib/Roundcube/rcube.php on line 329
[23-Oct-2024 16:53:24 UTC] PHP Deprecated:  Creation of dynamic property rcmail::$imap is deprecated in /data/www/roundcubemail/program/lib/Roundcube/rcube.php on line 329
[23-Oct-2024 16:54:24 UTC] PHP Deprecated:  Creation of dynamic property rcmail::$imap is deprecated in /data/www/roundcubemail/program/lib/Roundcube/rcube.php on line 329
[23-Oct-2024 16:55:24 UTC] PHP Deprecated:  Creation of dynamic property rcmail::$imap is deprecated in /data/www/roundcubemail/program/lib/Roundcube/rcube.php on line 329
[23-Oct-2024 16:56:24 UTC] PHP Deprecated:  Creation of dynamic property rcmail::$imap is deprecated in /data/www/roundcubemail/program/lib/Roundcube/rcube.php on line 329
[23-Oct-2024 16:57:24 UTC] PHP Deprecated:  Creation of dynamic property rcmail::$imap is deprecated in /data/www/roundcubemail/program/lib/Roundcube/rcube.php on line 329
[23-Oct-2024 16:58:24 UTC] PHP Deprecated:  Creation of dynamic property rcmail::$imap is deprecated in /data/www/roundcubemail/program/lib/Roundcube/rcube.php on line 329
[23-Oct-2024 16:59:24 UTC] PHP Deprecated:  Creation of dynamic property rcmail::$imap is deprecated in /data/www/roundcubemail/program/lib/Roundcube/rcube.php on line 329
[23-Oct-2024 17:00:24 UTC] PHP Deprecated:  Creation of dynamic property rcmail::$imap is deprecated in /data/www/roundcubemail/program/lib/Roundcube/rcube.php on line 329
[23-Oct-2024 17:01:24 UTC] PHP Deprecated:  Creation of dynamic property rcmail::$imap is deprecated in /data/www/roundcubemail/program/lib/Roundcube/rcube.php on line 329
[23-Oct-2024 17:02:24 UTC] PHP Deprecated:  Creation of dynamic property rcmail::$imap is deprecated in /data/www/roundcubemail/program/lib/Roundcube/rcube.php on line 329
[23-Oct-2024 17:03:24 UTC] PHP Deprecated:  Creation of dynamic property rcmail::$imap is deprecated in /data/www/roundcubemail/program/lib/Roundcube/rcube.php on line 329
[23-Oct-2024 17:04:24 UTC] PHP Deprecated:  Creation of dynamic property rcmail::$imap is deprecated in /data/www/roundcubemail/program/lib/Roundcube/rcube.php on line 329
[23-Oct-2024 17:05:24 UTC] PHP Deprecated:  Creation of dynamic property rcmail::$imap is deprecated in /data/www/roundcubemail/program/lib/Roundcube/rcube.php on line 329
[23-Oct-2024 17:05:54 UTC] PHP Deprecated:  Creation of dynamic property rcmail::$imap is deprecated in /data/www/roundcubemail/program/lib/Roundcube/rcube.php on line 329
[23-Oct-2024 17:05:54 UTC] PHP Deprecated:  Creation of dynamic property rcmail::$imap is deprecated in /data/www/roundcubemail/program/lib/Roundcube/rcube.php on line 329
[23-Oct-2024 17:05:58 UTC] PHP Deprecated:  Creation of dynamic property rcmail::$imap is deprecated in /data/www/roundcubemail/program/lib/Roundcube/rcube.php on line 329
[23-Oct-2024 17:05:59 UTC] PHP Deprecated:  Creation of dynamic property rcmail::$imap is deprecated in /data/www/roundcubemail/program/lib/Roundcube/rcube.php on line 329
[23-Oct-2024 17:06:24 UTC] PHP Deprecated:  Creation of dynamic property rcmail::$imap is deprecated in /data/www/roundcubemail/program/lib/Roundcube/rcube.php on line 329
[23-Oct-2024 17:07:24 UTC] PHP Deprecated:  Creation of dynamic property rcmail::$imap is deprecated in /data/www/roundcubemail/program/lib/Roundcube/rcube.php on line 329
[23-Oct-2024 17:07:24 UTC] PHP Deprecated:  Creation of dynamic property rcube_message_header::$modseq is deprecated in /data/www/roundcubemail/program/lib/Roundcube/rcube_imap_generic.php on line 2541
[23-Oct-2024 17:08:24 UTC] PHP Deprecated:  Creation of dynamic property rcmail::$imap is deprecated in /data/www/roundcubemail/program/lib/Roundcube/rcube.php on line 329
[23-Oct-2024 17:09:24 UTC] PHP Deprecated:  Creation of dynamic property rcmail::$imap is deprecated in /data/www/roundcubemail/program/lib/Roundcube/rcube.php on line 329
